
[25/05/2025 14:14:10] INICIANDO RESTAURAÇÃO =====================
[25/05/2025 14:14:10] Chamando API de download...
[25/05/2025 14:14:13] Resposta recebida (início): {"success":true,"contents":"{\"contents\":\"{\\\"dados.txt\\\":\\\"0*01-07*Blusas*Blusa azul marinho florida*1*  7,00*09/10/2024 20:06:14*a vender* #-\\\\r\\\\n1*01-11*Blusas*Blusa branca estamp, Geom...
[25/05/2025 14:14:14] RESTAURAÇÃO CONCLUÍDA: Restauração concluída! • Arquivos restaurados: 0 • Arquivos sem alterações: 0 • Arquivos não encontrados: 3 • Erros durante o processo: 0
[25/05/2025 14:14:27] OPERAÇÃO FINALIZADA =====================

[25/05/2025 14:15:39] INICIANDO RESTAURAÇÃO =====================
[25/05/2025 14:15:39] Chamando API de download...
[25/05/2025 14:15:44] Resposta recebida (início): {"success":true,"contents":"{\"contents\":\"{\\\"dados.txt\\\":\\\"0*01-07*Blusas*Blusa azul marinho florida*1*  7,00*09/10/2024 20:06:14*a vender* #-\\\\r\\\\n1*01-11*Blusas*Blusa branca estamp, Geom...
[25/05/2025 14:15:44] RESTAURAÇÃO CONCLUÍDA: Restauração concluída! • Arquivos restaurados: 0 • Arquivos sem alterações: 0 • Arquivos não encontrados: 3 • Erros durante o processo: 0
[25/05/2025 14:15:46] OPERAÇÃO FINALIZADA =====================

[25/05/2025 15:27:39] INICIANDO RESTAURAÇÃO =====================
[25/05/2025 15:27:42] Resposta recebida (início): {"success":true,"contents":"{\"contents\":\"{\\\"dados.txt\\\":\\\"0*01-07*Blusas*Blusa azul marinho florida*1*  7,00*09/10/2024 20:06:14*a vender* #-\\\\r\\\\n1*01-11*Blusas*Blusa branca estamp, Geom...
[25/05/2025 15:27:45] OPERAÇÃO FINALIZADA =====================

[25/05/2025 15:28:04] INICIANDO RESTAURAÇÃO =====================
[25/05/2025 15:28:07] Resposta recebida (início): {"success":true,"contents":"{\"contents\":\"{\\\"dados.txt\\\":\\\"0*01-07*Blusas*Blusa azul marinho florida*1*  7,00*09/10/2024 20:06:14*a vender* #-\\\\r\\\\n1*01-11*Blusas*Blusa branca estamp, Geom...

[25/05/2025 15:36:21] INICIANDO RESTAURAÇÃO =====================
[25/05/2025 15:36:25] Resposta recebida (início): {"success":true,"contents":"{\"contents\":\"{\\\"dados.txt\\\":\\\"0*01-07*Blusas*Blusa azul marinho florida*1*  7,00*09/10/2024 20:06:14*a vender* #-\\\\r\\\\n1*01-11*Blusas*Blusa branca estamp, Geom...
[25/05/2025 15:36:28] OPERAÇÃO FINALIZADA =====================

[01/07/2025 02:42:10] INICIANDO RESTAURAÇÃO =====================
[01/07/2025 02:42:14] Resposta recebida (início): {"success":true,"contents":"{\"contents\":\"{\\\"dados.txt\\\":\\\"0*01-07*Blusas*Blusa azul marinho florida*1*  7,00*09/10/2024 20:06:14*a vender* #-\\\\r\\\\n1*01-11*Blusas*Blusa branca estamp, Geom...
[01/07/2025 02:42:18] OPERAÇÃO FINALIZADA =====================
