[25/05/2025 14:14:13] Resposta desserializada com sucesso
[25/05/2025 14:14:13] Backup contém 1 arquivos
Arquivos: contents
[25/05/2025 14:14:13] Arquivo dados.txt não encontrado no backup
[25/05/2025 14:14:13] Arquivo cliente.txt não encontrado no backup
[25/05/2025 14:14:13] Arquivo Vendas.txt não encontrado no backup
[25/05/2025 14:15:44] Resposta desserializada com sucesso
[25/05/2025 14:15:44] Backup contém 1 arquivos
Arquivos: contents
[25/05/2025 14:15:44] Arquivo dados.txt não encontrado no backup
[25/05/2025 14:15:44] Arquivo cliente.txt não encontrado no backup
[25/05/2025 14:15:44] Arquivo Vendas.txt não encontrado no backup
[25/05/2025 15:27:42] Dados extraídos (início): {"dados.txt":"0*01-07*Blusas*Blusa azul marinho florida*1*  7,00*09/10/2024 20:06:14*a vender* #-\r\n1*01-11*Blusas*Blusa branca estamp, Geom,*1*  5,00*09/10/2024 20:06:14*a vender* #-\r\n2*01-14*Blus...
[25/05/2025 15:27:42] Backup contém 3 arquivos: dados.txt, cliente.txt, Vendas.txt
[25/05/2025 15:27:42] dados.txt restaurado com sucesso
[25/05/2025 15:27:42] cliente.txt restaurado com sucesso
[25/05/2025 15:27:42] Vendas.txt restaurado com sucesso
[25/05/2025 15:28:07] Dados extraídos (início): {"dados.txt":"0*01-07*Blusas*Blusa azul marinho florida*1*  7,00*09/10/2024 20:06:14*a vender* #-\r\n1*01-11*Blusas*Blusa branca estamp, Geom,*1*  5,00*09/10/2024 20:06:14*a vender* #-\r\n2*01-14*Blus...
[25/05/2025 15:28:07] Backup contém 3 arquivos: dados.txt, cliente.txt, Vendas.txt
[25/05/2025 15:28:07] dados.txt restaurado com sucesso
[25/05/2025 15:28:07] cliente.txt restaurado com sucesso
[25/05/2025 15:28:07] Vendas.txt restaurado com sucesso
[25/05/2025 15:36:25] Dados extraídos (início): {"dados.txt":"0*01-07*Blusas*Blusa azul marinho florida*1*  7,00*09/10/2024 20:06:14*a vender* #-\r\n1*01-11*Blusas*Blusa branca estamp, Geom,*1*  5,00*09/10/2024 20:06:14*a vender* #-\r\n2*01-14*Blus...
[25/05/2025 15:36:25] Backup contém 3 arquivos: dados.txt, cliente.txt, Vendas.txt
[25/05/2025 15:36:25] dados.txt restaurado com sucesso
[25/05/2025 15:36:25] cliente.txt restaurado com sucesso
[25/05/2025 15:36:25] Vendas.txt restaurado com sucesso
